TN:
SF:fetchData.js
FN:1,fetchData
FNF:1
FNH:1
FNDA:1,fetchData
DA:3,1
DA:5,1
LF:2
LH:2
BRF:0
BRH:0
end_of_record
TN:
SF:index.js
FN:3,getFirstAlbumTitle
FNF:1
FNH:1
FNDA:1,getFirstAlbumTitle
DA:1,1
DA:4,1
DA:5,1
DA:8,1
LF:4
LH:4
BRF:0
BRH:0
end_of_record
TN:
SF:promise.js
FN:1,fetchPromise
FN:2,(anonymous_1)
FNF:2
FNH:2
FNDA:1,fetchPromise
FNDA:1,(anonymous_1)
DA:2,1
DA:3,1
DA:6,1
LF:3
LH:3
BRF:0
BRH:0
end_of_record
TN:
SF:sum.js
FN:1,sum
FNF:1
FNH:1
FNDA:1,sum
DA:2,1
DA:4,1
LF:2
LH:2
BRF:0
BRH:0
end_of_record
